[07/23/18, 09:31:02:592] info: ╔═══════════════════════════════════════════════════════════════════════╗
[07/23/18, 09:31:02:593] info: ║      Slack 3.2.0, darwin 17.7.0 on x64 at 07/23/18, 09:31:02:590      ║
[07/23/18, 09:31:02:593] info: ╚═══════════════════════════════════════════════════════════════════════╝
[07/23/18, 12:19:49:396] error: Jul-23 12:19:49.394 SOCKET-MANAGER (T4ALJRY56) Closing socket because #4108: unexpected socket closure
[07/23/18, 12:19:50:509] error: info() expects 1 or more arguments to be passed after the required label
[07/23/18, 14:11:17:634] error: Jul-23 14:11:17.633 SOCKET-MANAGER (T4ALJRY56) Closing socket because #4108: unexpected socket closure
[07/23/18, 14:11:19:964] error: info() expects 1 or more arguments to be passed after the required label
[07/23/18, 16:40:21:895] error: Jul-23 16:40:21.895 file:FBNGXBP3J (slurpFilesFromMessagesModern) has reactions in local model, but we are upserting an object that does NOT have reactions, which seems suspicious
[07/23/18, 20:12:18:296] error: Jul-23 20:12:18.296 SOCKET-MANAGER (T4ALJRY56) Closing socket because #4108: unexpected socket closure
[07/23/18, 20:12:20:887] error: info() expects 1 or more arguments to be passed after the required label
[07/23/18, 22:13:09:217] error: Jul-23 22:13:09.217 SOCKET-MANAGER (T4ALJRY56) Closing socket because #4108: unexpected socket closure
[07/23/18, 22:13:12:138] error: info() expects 1 or more arguments to be passed after the required label
[07/24/18, 00:14:00:828] error: Jul-24 00:14:00.828 SOCKET-MANAGER (T4ALJRY56) Closing socket because #4108: unexpected socket closure
[07/24/18, 00:14:03:372] error: info() expects 1 or more arguments to be passed after the required label
[07/24/18, 02:15:00:658] error: Jul-24 02:15:00.658 SOCKET-MANAGER (T4ALJRY56) Closing socket because #4108: unexpected socket closure
[07/24/18, 02:15:03:461] error: info() expects 1 or more arguments to be passed after the required label
[07/24/18, 04:15:51:886] error: Jul-24 04:15:51.886 SOCKET-MANAGER (T4ALJRY56) Closing socket because #4108: unexpected socket closure
[07/24/18, 04:15:54:574] error: info() expects 1 or more arguments to be passed after the required label
[07/24/18, 06:16:43:263] error: Jul-24 06:16:43.262 SOCKET-MANAGER (T4ALJRY56) Closing socket because #4108: unexpected socket closure
[07/24/18, 06:16:45:741] error: info() expects 1 or more arguments to be passed after the required label
[07/24/18, 08:17:34:980] error: Jul-24 08:17:34.980 SOCKET-MANAGER (T4ALJRY56) Closing socket because #4108: unexpected socket closure
[07/24/18, 08:17:37:630] error: Jul-24 08:17:37.630 SOCKET-MANAGER (T4ALJRY56) Closing socket because #4106: received an "error" message from socket
[07/24/18, 08:17:37:635] error: 2018/7/24 08:17:37.635 logging error: {"subtype":"flannel_start_error","message":"Unexpected start error: syscall:getsockopt(..) failed: Connection refused: /10.128.174.153:10443","stack":"Error: Unexpected start error: syscall:getsockopt(..) failed: Connection refused: /10.128.174.153:10443\n    at e (https://a.slack-edge.com/bv1-4/rollup-core_required_ts.6892db9b7cdf7c91fb66.min.js:1:21971)\n    at t.execute (https://a.slack-edge.com/bv1-4/rollup-core_required_libs.eb77e435d1ecfa8fa776.min.js:1:2658247)\n    at o.dispatch (https://a.slack-edge.com/bv1-4/rollup-core_required_libs.eb77e435d1ecfa8fa776.min.js:1:2660669)\n    at dispatch (https://a.slack-edge.com/bv1-4/rollup-core_required_libs.eb77e435d1ecfa8fa776.min.js:1:2659046)\n    at https://a.slack-edge.com/bv1-4/modern.vendor.da3afe83280333b83dec.min.js:1:860\n    at l (https://a.slack-edge.com/bv1-4/application.82a8bd3c5e0e5e8083e1.min.js:1:791441)\n    at https://a.slack-edge.com/bv1-4/application.82a8bd3c5e0e5e8083e1.min.js:1:2625147\n    at Array.forEach (<anonymous>)\n    at https://a.slack-edge.com/bv1-4/application.82a8bd3c5e0e5e8083e1.min.js:1:2624916\n    at i (https://a.slack-edge.com/bv1-4/rollup-core_required_libs.eb77e435d1ecfa8fa776.min.js:1:2005699)\n    at S._settlePromiseFromHandler (https://a.slack-edge.com/bv1-4/rollup-core_required_libs.eb77e435d1ecfa8fa776.min.js:1:1978184)\n    at S._settlePromise (https://a.slack-edge.com/bv1-4/rollup-core_required_libs.eb77e435d1ecfa8fa776.min.js:1:1979036)\n    at S._settlePromiseCtx (https://a.slack-edge.com/bv1-4/rollup-core_required_libs.eb77e435d1ecfa8fa776.min.js:1:1979576)\n    at i._drainQueue (https://a.slack-edge.com/bv1-4/rollup-core_required_libs.eb77e435d1ecfa8fa776.min.js:1:1936750)\n    at i._drainQueues (https://a.slack-edge.com/bv1-4/rollup-core_required_libs.eb77e435d1ecfa8fa776.min.js:1:1936803)\n    at drainQueues (https://a.slack-edge.com/bv1-4/rollup-core_required_libs.eb77e435d1ecfa8fa776.min.js:1:1935093)"}
[07/24/18, 08:17:39:555] error: Jul-24 08:17:39.555 SOCKET-MANAGER (T4ALJRY56) Closing socket because #4106: received an "error" message from socket
[07/24/18, 08:17:39:558] error: 2018/7/24 08:17:39.558 logging error: {"subtype":"flannel_start_error","message":"Unexpected start error: Too many connections","stack":"Error: Unexpected start error: Too many connections\n    at e (https://a.slack-edge.com/bv1-4/rollup-core_required_ts.6892db9b7cdf7c91fb66.min.js:1:21971)\n    at t.execute (https://a.slack-edge.com/bv1-4/rollup-core_required_libs.eb77e435d1ecfa8fa776.min.js:1:2658247)\n    at o.dispatch (https://a.slack-edge.com/bv1-4/rollup-core_required_libs.eb77e435d1ecfa8fa776.min.js:1:2660669)\n    at dispatch (https://a.slack-edge.com/bv1-4/rollup-core_required_libs.eb77e435d1ecfa8fa776.min.js:1:2659046)\n    at https://a.slack-edge.com/bv1-4/modern.vendor.da3afe83280333b83dec.min.js:1:860\n    at l (https://a.slack-edge.com/bv1-4/application.82a8bd3c5e0e5e8083e1.min.js:1:791441)\n    at https://a.slack-edge.com/bv1-4/application.82a8bd3c5e0e5e8083e1.min.js:1:2625147\n    at Array.forEach (<anonymous>)\n    at https://a.slack-edge.com/bv1-4/application.82a8bd3c5e0e5e8083e1.min.js:1:2624916\n    at i (https://a.slack-edge.com/bv1-4/rollup-core_required_libs.eb77e435d1ecfa8fa776.min.js:1:2005699)\n    at S._settlePromiseFromHandler (https://a.slack-edge.com/bv1-4/rollup-core_required_libs.eb77e435d1ecfa8fa776.min.js:1:1978184)\n    at S._settlePromise (https://a.slack-edge.com/bv1-4/rollup-core_required_libs.eb77e435d1ecfa8fa776.min.js:1:1979036)\n    at S._settlePromiseCtx (https://a.slack-edge.com/bv1-4/rollup-core_required_libs.eb77e435d1ecfa8fa776.min.js:1:1979576)\n    at i._drainQueue (https://a.slack-edge.com/bv1-4/rollup-core_required_libs.eb77e435d1ecfa8fa776.min.js:1:1936750)\n    at i._drainQueues (https://a.slack-edge.com/bv1-4/rollup-core_required_libs.eb77e435d1ecfa8fa776.min.js:1:1936803)\n    at drainQueues (https://a.slack-edge.com/bv1-4/rollup-core_required_libs.eb77e435d1ecfa8fa776.min.js:1:1935093)"}
[07/24/18, 08:17:45:328] error: info() expects 1 or more arguments to be passed after the required label
[07/24/18, 08:52:32:626] error: Jul-24 08:52:32.626 SOCKET-MANAGER (T4ALJRY56) Closing socket because #4108: unexpected socket closure
[07/24/18, 08:52:34:544] error: info() expects 1 or more arguments to be passed after the required label
