[07/23/18, 09:30:29:135] info: ╔═══════════════════════════════════════════════════════════════════════╗
[07/23/18, 09:30:29:136] info: ║      Slack 3.2.0, darwin 17.7.0 on x64 at 07/23/18, 09:30:29:132      ║
[07/23/18, 09:30:29:136] info: ╚═══════════════════════════════════════════════════════════════════════╝
[07/23/18, 09:30:29:316] info: Initializing local storage instance at path: /Users/kr/Library/Application Support/Slack/local-settings.json
[07/23/18, 09:30:29:469] info: NetworkStatus: Waiting for network online…
[07/23/18, 09:30:29:779] info: Store: BACKGROUND_CLIENTS_INITIALIZED
[07/23/18, 09:30:29:783] info: Store: BACKGROUND_CLIENTS_INITIALIZED true
[07/23/18, 09:30:30:005] info: NetworkStatus: Response from api.test
{
  "status": "online"
}
[07/23/18, 09:30:30:410] info: Store: SET_NETWORK_STATUS online
[07/23/18, 09:30:30:412] info: Store: MAIN_WINDOW_SHOWN
[07/23/18, 09:30:30:426] info: Store: ADD_WINDOW
{
  "id": 3,
  "type": "sign-in"
}
[07/23/18, 09:30:30:612] info: Store: SET_UPDATE_STATUS up-to-date
[07/23/18, 09:40:51:002] info: Store: FOREGROUND_APP
[07/23/18, 09:43:54:041] info: Store: SHOW_WEBAPP_DIALOG
{
  "dialogType": "shortcuts"
}
[07/23/18, 09:44:05:795] info: Store: SHOW_WEBAPP_DIALOG
{
  "dialogType": "shortcuts"
}
[07/23/18, 09:44:11:705] info: Store: SHOW_WEBAPP_DIALOG
{
  "dialogType": "shortcuts"
}
[07/23/18, 09:54:41:646] info: Store: FOREGROUND_APP
[07/23/18, 09:54:42:054] info: Store: FOREGROUND_APP
[07/23/18, 09:54:42:478] info: Store: FOREGROUND_APP
[07/23/18, 09:54:42:638] info: Store: FOREGROUND_APP
[07/23/18, 10:15:31:480] info: Store: OPEN_CONTEXT_MENU
{
  "id": 3,
  "params": "[REDACTED]"
}
[07/23/18, 10:21:45:698] info: Store: FOREGROUND_APP
[07/23/18, 10:23:07:362] info: Store: FOREGROUND_APP
[07/23/18, 10:23:08:412] info: Store: FOREGROUND_APP
[07/23/18, 10:23:09:916] info: Store: FOREGROUND_APP
[07/23/18, 10:24:01:575] info: Store: FOREGROUND_APP
[07/23/18, 10:32:48:071] info: Store: FOREGROUND_APP
[07/23/18, 12:06:59:520] info: Store: SET_SUSPEND_STATUS
[07/23/18, 12:19:48:813] info: Store: SET_SUSPEND_STATUS true
[07/23/18, 13:06:57:887] info: Store: FOREGROUND_APP
[07/23/18, 13:35:47:366] info: Store: FOREGROUND_APP
[07/23/18, 13:47:00:990] info: Store: SET_SUSPEND_STATUS
[07/23/18, 14:11:21:826] info: Store: SET_SUSPEND_STATUS true
[07/23/18, 14:11:30:541] info: Store: FOREGROUND_APP
[07/23/18, 14:11:32:266] info: Store: FOREGROUND_APP
[07/23/18, 14:12:21:748] info: Store: FOREGROUND_APP
[07/23/18, 14:19:08:833] info: Store: FOREGROUND_APP
[07/23/18, 14:19:10:798] info: Store: FOREGROUND_APP
[07/23/18, 14:19:21:076] info: Store: FOREGROUND_APP
[07/23/18, 14:22:41:966] info: Store: FOREGROUND_APP
[07/23/18, 14:22:49:562] info: Store: FOREGROUND_APP
[07/23/18, 14:26:53:408] info: Store: FOREGROUND_APP
[07/23/18, 14:26:54:738] info: Store: FOREGROUND_APP
[07/23/18, 14:28:10:930] info: Store: FOREGROUND_APP
[07/23/18, 14:29:14:245] info: Store: FOREGROUND_APP
[07/23/18, 14:30:21:336] info: Store: FOREGROUND_APP
[07/23/18, 14:31:31:758] info: Store: FOREGROUND_APP
[07/23/18, 14:34:19:976] info: Store: FOREGROUND_APP
[07/23/18, 14:34:27:784] info: Store: FOREGROUND_APP
[07/23/18, 14:35:11:814] info: Store: FOREGROUND_APP
[07/23/18, 14:35:57:161] info: Store: FOREGROUND_APP
[07/23/18, 14:36:14:285] info: Store: FOREGROUND_APP
[07/23/18, 14:37:17:837] info: Store: FOREGROUND_APP
[07/23/18, 14:37:46:891] info: Store: FOREGROUND_APP
[07/23/18, 14:38:37:484] info: Store: FOREGROUND_APP
[07/23/18, 14:38:56:130] info: Store: FOREGROUND_APP
[07/23/18, 14:39:19:161] info: Store: FOREGROUND_APP
[07/23/18, 14:39:28:252] info: Store: FOREGROUND_APP
[07/23/18, 14:39:29:562] info: Store: FOREGROUND_APP
[07/23/18, 14:41:31:273] info: Store: FOREGROUND_APP
[07/23/18, 14:41:34:385] info: Store: FOREGROUND_APP
[07/23/18, 14:41:45:204] info: Store: FOREGROUND_APP
[07/23/18, 14:42:25:569] info: Store: FOREGROUND_APP
[07/23/18, 14:43:39:629] info: Store: FOREGROUND_APP
[07/23/18, 14:44:19:893] info: Store: FOREGROUND_APP
[07/23/18, 14:44:20:683] info: Store: FOREGROUND_APP
[07/23/18, 14:45:04:487] info: Store: FOREGROUND_APP
[07/23/18, 14:46:24:418] info: Store: FOREGROUND_APP
[07/23/18, 14:46:34:303] info: Store: FOREGROUND_APP
[07/23/18, 14:47:08:110] info: Store: FOREGROUND_APP
[07/23/18, 14:47:59:190] info: Store: FOREGROUND_APP
[07/23/18, 14:49:20:106] info: Store: FOREGROUND_APP
[07/23/18, 14:49:24:704] info: Store: FOREGROUND_APP
[07/23/18, 14:51:45:932] info: Store: FOREGROUND_APP
[07/23/18, 14:53:35:307] info: Store: FOREGROUND_APP
[07/23/18, 14:53:46:669] info: Store: FOREGROUND_APP
[07/23/18, 14:56:10:093] info: Store: FOREGROUND_APP
[07/23/18, 15:03:43:928] info: Store: FOREGROUND_APP
[07/23/18, 15:04:19:546] info: Store: FOREGROUND_APP
[07/23/18, 15:07:53:735] info: Store: FOREGROUND_APP
[07/23/18, 15:13:13:912] info: Store: FOREGROUND_APP
[07/23/18, 15:19:00:198] info: Store: FOREGROUND_APP
[07/23/18, 15:22:32:380] info: Store: FOREGROUND_APP
[07/23/18, 15:23:23:324] info: Store: FOREGROUND_APP
[07/23/18, 15:30:37:222] info: Store: FOREGROUND_APP
[07/23/18, 15:31:53:265] info: Store: FOREGROUND_APP
[07/23/18, 15:42:23:567] info: Store: FOREGROUND_APP
[07/23/18, 15:43:14:153] info: Store: FOREGROUND_APP
[07/23/18, 15:44:01:672] info: Store: FOREGROUND_APP
[07/23/18, 15:45:14:321] info: Store: FOREGROUND_APP
[07/23/18, 15:45:33:543] info: Store: FOREGROUND_APP
[07/23/18, 15:47:56:388] info: Store: FOREGROUND_APP
[07/23/18, 15:48:36:915] info: Store: FOREGROUND_APP
[07/23/18, 15:51:30:158] info: Store: FOREGROUND_APP
[07/23/18, 15:51:34:917] info: Store: FOREGROUND_APP
[07/23/18, 15:54:56:704] info: Store: FOREGROUND_APP
[07/23/18, 15:55:41:463] info: Store: FOREGROUND_APP
[07/23/18, 15:55:46:317] info: Store: FOREGROUND_APP
[07/23/18, 15:56:28:577] info: Store: FOREGROUND_APP
[07/23/18, 15:56:33:023] info: Store: FOREGROUND_APP
[07/23/18, 15:57:01:399] info: Store: FOREGROUND_APP
[07/23/18, 15:57:13:286] info: Store: FOREGROUND_APP
[07/23/18, 15:57:25:871] info: Store: FOREGROUND_APP
[07/23/18, 15:58:37:287] info: Store: FOREGROUND_APP
[07/23/18, 15:59:18:184] info: Store: FOREGROUND_APP
[07/23/18, 16:00:33:089] info: Store: FOREGROUND_APP
[07/23/18, 16:01:05:514] info: Store: FOREGROUND_APP
[07/23/18, 16:01:09:193] info: Store: FOREGROUND_APP
[07/23/18, 16:01:27:457] info: Store: FOREGROUND_APP
[07/23/18, 16:02:14:922] info: Store: FOREGROUND_APP
[07/23/18, 16:02:25:052] info: Store: FOREGROUND_APP
[07/23/18, 16:06:49:502] info: Store: SET_UPDATE_STATUS check-for-update
[07/23/18, 16:06:50:638] info: Store: SET_UPDATE_STATUS up-to-date
[07/23/18, 16:36:26:906] info: Store: FOREGROUND_APP
[07/23/18, 16:37:18:387] info: Store: FOREGROUND_APP
[07/23/18, 16:38:38:192] info: Store: FOREGROUND_APP
[07/23/18, 16:39:06:945] info: Store: FOREGROUND_APP
[07/23/18, 16:39:49:013] info: Store: OPEN_CONTEXT_MENU
{
  "id": 3,
  "params": "[REDACTED]"
}
[07/23/18, 16:44:09:621] info: Store: FOREGROUND_APP
[07/23/18, 16:44:17:629] info: Store: FOREGROUND_APP
[07/23/18, 16:44:22:485] info: Store: FOREGROUND_APP
[07/23/18, 16:44:30:038] info: Store: FOREGROUND_APP
[07/23/18, 16:44:39:429] info: Store: FOREGROUND_APP
[07/23/18, 16:44:39:893] info: Store: FOREGROUND_APP
[07/23/18, 16:45:13:264] info: Store: FOREGROUND_APP
[07/23/18, 16:47:02:431] info: Store: FOREGROUND_APP
[07/23/18, 16:50:39:730] info: Store: FOREGROUND_APP
[07/23/18, 16:50:41:257] info: Store: FOREGROUND_APP
[07/23/18, 16:51:22:978] info: Store: FOREGROUND_APP
[07/23/18, 16:51:35:985] info: Store: FOREGROUND_APP
[07/23/18, 16:54:16:998] info: Store: FOREGROUND_APP
[07/23/18, 16:55:20:400] info: Store: FOREGROUND_APP
[07/23/18, 16:56:33:735] info: Store: FOREGROUND_APP
[07/23/18, 16:56:34:653] info: Store: FOREGROUND_APP
[07/23/18, 16:56:39:308] info: Store: FOREGROUND_APP
[07/23/18, 16:56:59:845] info: Store: FOREGROUND_APP
[07/23/18, 17:00:19:154] info: Store: FOREGROUND_APP
[07/23/18, 17:00:33:170] info: Store: FOREGROUND_APP
[07/23/18, 17:03:16:661] info: Store: FOREGROUND_APP
[07/23/18, 17:05:04:666] info: Store: FOREGROUND_APP
[07/23/18, 17:05:29:426] info: Store: FOREGROUND_APP
[07/23/18, 17:06:52:356] info: Store: FOREGROUND_APP
[07/23/18, 17:07:21:742] info: Store: FOREGROUND_APP
[07/23/18, 17:08:14:132] info: Store: FOREGROUND_APP
[07/23/18, 17:17:23:852] info: Store: FOREGROUND_APP
[07/23/18, 17:19:20:773] info: Store: FOREGROUND_APP
[07/23/18, 17:21:03:164] info: Store: FOREGROUND_APP
[07/23/18, 17:21:06:763] info: Store: FOREGROUND_APP
[07/23/18, 17:22:22:862] info: Store: FOREGROUND_APP
[07/23/18, 17:22:34:870] info: Store: FOREGROUND_APP
[07/23/18, 17:29:15:559] info: Store: FOREGROUND_APP
[07/23/18, 17:29:17:485] info: Store: FOREGROUND_APP
[07/23/18, 17:30:20:654] info: Store: FOREGROUND_APP
[07/23/18, 17:31:53:764] info: Store: FOREGROUND_APP
[07/23/18, 17:33:22:246] info: Store: FOREGROUND_APP
[07/23/18, 17:35:46:326] info: Store: FOREGROUND_APP
[07/23/18, 17:36:41:894] info: Store: FOREGROUND_APP
[07/23/18, 17:38:44:487] info: Store: FOREGROUND_APP
[07/23/18, 17:40:44:946] info: Store: FOREGROUND_APP
[07/23/18, 17:44:13:598] info: Store: FOREGROUND_APP
[07/23/18, 17:47:42:704] info: Store: FOREGROUND_APP
[07/23/18, 17:49:06:337] info: Store: FOREGROUND_APP
[07/23/18, 17:54:18:635] info: Store: FOREGROUND_APP
[07/23/18, 17:55:03:759] info: Store: FOREGROUND_APP
[07/23/18, 17:55:36:225] info: Store: FOREGROUND_APP
[07/23/18, 17:58:55:295] info: Store: FOREGROUND_APP
[07/23/18, 17:58:56:379] info: Store: FOREGROUND_APP
[07/23/18, 17:59:41:775] info: Store: FOREGROUND_APP
[07/23/18, 18:11:59:168] info: Store: SET_SUSPEND_STATUS
[07/24/18, 08:52:29:924] info: Store: SET_SUSPEND_STATUS true
[07/24/18, 08:57:50:613] info: Store: FOREGROUND_APP
[07/24/18, 09:00:28:021] info: Store: FOREGROUND_APP
[07/24/18, 09:19:21:518] info: Store: FOREGROUND_APP
[07/24/18, 09:21:47:419] info: Store: FOREGROUND_APP
[07/24/18, 09:23:24:812] info: Store: FOREGROUND_APP
[07/24/18, 09:24:29:955] info: Store: FOREGROUND_APP
[07/24/18, 09:25:24:276] info: Store: FOREGROUND_APP
[07/24/18, 09:25:36:738] info: Store: FOREGROUND_APP
[07/24/18, 09:25:39:954] info: Store: FOREGROUND_APP
[07/24/18, 09:28:35:224] info: Store: FOREGROUND_APP
[07/24/18, 09:30:40:324] info: Store: FOREGROUND_APP
[07/24/18, 09:30:56:711] info: Store: FOREGROUND_APP
[07/24/18, 09:41:02:699] info: Store: FOREGROUND_APP
[07/24/18, 09:43:06:657] info: Store: FOREGROUND_APP
[07/24/18, 09:43:25:092] info: Store: FOREGROUND_APP
[07/24/18, 09:44:16:490] info: Store: FOREGROUND_APP
[07/24/18, 09:46:34:430] info: Store: FOREGROUND_APP
[07/24/18, 09:51:03:555] info: Store: FOREGROUND_APP
[07/24/18, 09:52:28:177] info: Store: FOREGROUND_APP
[07/24/18, 09:54:48:872] info: Store: FOREGROUND_APP
[07/24/18, 10:01:17:408] info: Store: FOREGROUND_APP
[07/24/18, 10:04:22:335] info: Store: FOREGROUND_APP
[07/24/18, 10:04:59:074] info: Store: FOREGROUND_APP
[07/24/18, 10:07:37:746] info: Store: FOREGROUND_APP
[07/24/18, 10:12:27:382] info: Store: FOREGROUND_APP
[07/24/18, 10:17:35:810] info: Store: FOREGROUND_APP
[07/24/18, 10:20:40:780] info: Store: FOREGROUND_APP
[07/24/18, 10:23:20:861] info: Store: FOREGROUND_APP
[07/24/18, 10:27:39:177] info: Store: FOREGROUND_APP
[07/24/18, 10:29:18:246] info: Store: FOREGROUND_APP
[07/24/18, 10:31:28:139] info: Store: FOREGROUND_APP
[07/24/18, 10:33:38:048] info: Store: FOREGROUND_APP
[07/24/18, 10:48:50:662] info: Store: FOREGROUND_APP
[07/24/18, 10:53:05:996] info: Store: FOREGROUND_APP
[07/24/18, 10:57:23:049] info: Store: FOREGROUND_APP
[07/24/18, 10:58:07:946] info: Store: FOREGROUND_APP
[07/24/18, 11:02:36:279] info: Store: FOREGROUND_APP
[07/24/18, 11:04:19:980] info: Store: FOREGROUND_APP
[07/24/18, 11:07:56:448] info: Store: FOREGROUND_APP
[07/24/18, 11:08:19:287] info: Store: FOREGROUND_APP
[07/24/18, 11:12:45:634] info: Store: FOREGROUND_APP
[07/24/18, 11:13:51:773] info: Store: FOREGROUND_APP
[07/24/18, 11:18:25:223] info: Store: FOREGROUND_APP
[07/24/18, 11:23:18:913] info: Store: FOREGROUND_APP
[07/24/18, 11:30:07:782] info: Store: FOREGROUND_APP
[07/24/18, 11:30:12:204] info: Store: FOREGROUND_APP
[07/24/18, 11:30:12:636] info: Store: FOREGROUND_APP
[07/24/18, 11:32:35:831] info: Store: FOREGROUND_APP
[07/24/18, 11:33:39:199] info: Store: FOREGROUND_APP
[07/24/18, 11:34:38:185] info: Store: FOREGROUND_APP
[07/24/18, 11:37:13:442] info: Store: FOREGROUND_APP
[07/24/18, 11:37:23:224] info: Store: FOREGROUND_APP
[07/24/18, 11:37:35:316] info: Store: FOREGROUND_APP
[07/24/18, 11:39:00:673] info: Store: FOREGROUND_APP
[07/24/18, 11:39:18:418] info: Store: FOREGROUND_APP
[07/24/18, 11:39:40:235] info: Store: FOREGROUND_APP
[07/24/18, 11:40:21:546] info: Store: FOREGROUND_APP
[07/24/18, 11:41:09:835] info: Store: FOREGROUND_APP
[07/24/18, 11:41:57:973] info: Store: FOREGROUND_APP
[07/24/18, 11:43:45:502] info: Store: FOREGROUND_APP
[07/24/18, 11:46:17:694] info: Store: FOREGROUND_APP
[07/24/18, 11:47:45:328] info: Store: FOREGROUND_APP
[07/24/18, 11:53:51:885] info: Store: FOREGROUND_APP
[07/24/18, 11:56:54:863] info: Store: FOREGROUND_APP
[07/24/18, 11:58:15:253] info: Store: FOREGROUND_APP
[07/24/18, 11:58:24:821] info: Store: FOREGROUND_APP
[07/24/18, 12:00:18:568] info: Store: FOREGROUND_APP
[07/24/18, 12:10:50:738] info: Store: SET_SUSPEND_STATUS
[07/24/18, 12:21:10:979] info: Store: SET_SUSPEND_STATUS true
[07/24/18, 12:21:22:151] info: Store: FOREGROUND_APP
[07/24/18, 12:23:23:936] info: Store: FOREGROUND_APP
[07/24/18, 12:24:01:710] info: Store: FOREGROUND_APP
[07/24/18, 12:25:13:402] info: Store: FOREGROUND_APP
[07/24/18, 12:25:57:866] info: Store: FOREGROUND_APP
[07/24/18, 12:35:24:837] info: Store: FOREGROUND_APP
[07/24/18, 12:40:38:360] info: Store: FOREGROUND_APP
[07/24/18, 12:40:55:374] info: Store: OPEN_CONTEXT_MENU
{
  "id": 3,
  "params": "[REDACTED]"
}
[07/24/18, 12:41:26:040] info: Store: FOREGROUND_APP
[07/24/18, 12:42:11:138] info: Store: FOREGROUND_APP
[07/24/18, 12:42:44:763] info: Store: FOREGROUND_APP
[07/24/18, 12:42:58:985] info: Store: FOREGROUND_APP
[07/24/18, 12:43:22:410] info: Store: FOREGROUND_APP
[07/24/18, 12:43:45:665] info: Store: FOREGROUND_APP
[07/24/18, 12:44:09:378] info: Store: FOREGROUND_APP
[07/24/18, 12:44:35:876] info: Store: FOREGROUND_APP
[07/24/18, 12:44:43:896] info: Store: FOREGROUND_APP
[07/24/18, 12:45:50:842] info: Store: FOREGROUND_APP
[07/24/18, 12:46:32:195] info: Store: FOREGROUND_APP
[07/24/18, 12:50:39:339] info: Store: SET_UPDATE_STATUS check-for-update
[07/24/18, 12:50:40:554] info: Store: SET_UPDATE_STATUS up-to-date
[07/24/18, 12:53:29:932] info: Store: FOREGROUND_APP
[07/24/18, 12:58:01:066] info: Store: FOREGROUND_APP
[07/24/18, 13:01:24:378] info: Store: FOREGROUND_APP
[07/24/18, 13:01:33:373] info: Store: FOREGROUND_APP
[07/24/18, 13:07:43:493] info: Store: FOREGROUND_APP
[07/24/18, 13:08:09:903] info: Store: FOREGROUND_APP
[07/24/18, 13:15:42:176] info: Store: FOREGROUND_APP
[07/24/18, 13:17:47:263] info: Store: FOREGROUND_APP
[07/24/18, 13:20:39:914] info: Store: FOREGROUND_APP
[07/24/18, 13:20:49:791] info: Store: FOREGROUND_APP
[07/24/18, 13:22:29:747] info: Store: FOREGROUND_APP
[07/24/18, 13:24:46:833] info: Store: FOREGROUND_APP
[07/24/18, 13:25:06:283] info: Store: FOREGROUND_APP
[07/24/18, 13:26:15:227] info: Store: FOREGROUND_APP
[07/24/18, 13:31:52:166] info: Store: FOREGROUND_APP
[07/24/18, 13:35:17:977] info: Store: FOREGROUND_APP
[07/24/18, 13:35:59:064] info: Store: FOREGROUND_APP
[07/24/18, 13:37:08:930] info: Store: FOREGROUND_APP
[07/24/18, 13:38:02:807] info: Store: OPEN_CONTEXT_MENU
{
  "id": 3,
  "params": "[REDACTED]"
}
[07/24/18, 13:38:10:880] info: Store: FOREGROUND_APP
[07/24/18, 13:38:19:327] info: Store: FOREGROUND_APP
[07/24/18, 13:38:28:122] info: Store: FOREGROUND_APP
[07/24/18, 13:38:49:057] info: Store: FOREGROUND_APP
[07/24/18, 13:39:20:577] info: Store: FOREGROUND_APP
[07/24/18, 13:39:35:309] info: Store: FOREGROUND_APP
[07/24/18, 13:40:55:390] info: Store: FOREGROUND_APP
[07/24/18, 13:50:19:843] info: Store: FOREGROUND_APP
[07/24/18, 13:51:03:135] info: Store: FOREGROUND_APP
[07/24/18, 13:51:33:882] info: Store: FOREGROUND_APP
[07/24/18, 13:51:56:985] info: Store: FOREGROUND_APP
[07/24/18, 13:52:14:720] info: Store: FOREGROUND_APP
[07/24/18, 13:58:08:255] info: Store: FOREGROUND_APP
[07/24/18, 14:03:50:227] info: Store: FOREGROUND_APP
[07/24/18, 14:10:00:544] info: Store: FOREGROUND_APP
[07/24/18, 14:11:18:078] info: Store: FOREGROUND_APP
[07/24/18, 14:11:30:344] info: Store: FOREGROUND_APP
[07/24/18, 14:12:01:462] info: Store: FOREGROUND_APP
[07/24/18, 14:14:22:746] info: Store: FOREGROUND_APP
[07/24/18, 14:16:04:005] info: Store: FOREGROUND_APP
[07/24/18, 14:19:10:211] info: Store: FOREGROUND_APP
[07/24/18, 14:19:53:201] info: Store: FOREGROUND_APP
[07/24/18, 14:26:40:202] info: Store: FOREGROUND_APP
[07/24/18, 14:27:38:702] info: Store: FOREGROUND_APP
[07/24/18, 14:27:45:720] info: Store: FOREGROUND_APP
[07/24/18, 14:28:42:728] info: Store: FOREGROUND_APP
[07/24/18, 14:31:47:979] info: Store: FOREGROUND_APP
[07/24/18, 14:33:44:484] info: Store: FOREGROUND_APP
[07/24/18, 14:35:55:714] info: Store: FOREGROUND_APP
[07/24/18, 14:38:13:094] info: Store: FOREGROUND_APP
[07/24/18, 14:41:30:517] info: Store: FOREGROUND_APP
[07/24/18, 14:42:16:751] info: Store: FOREGROUND_APP
[07/24/18, 14:43:50:914] info: Store: FOREGROUND_APP
[07/24/18, 14:44:32:411] info: Store: FOREGROUND_APP
[07/24/18, 14:46:35:532] info: Store: FOREGROUND_APP
[07/24/18, 14:49:55:027] info: Store: FOREGROUND_APP
[07/24/18, 14:50:31:198] info: Store: FOREGROUND_APP
[07/24/18, 14:51:15:444] info: Store: FOREGROUND_APP
[07/24/18, 14:51:16:204] info: Store: FOREGROUND_APP
[07/24/18, 14:54:26:174] info: Store: FOREGROUND_APP
[07/24/18, 14:55:40:304] info: Store: FOREGROUND_APP
[07/24/18, 14:56:20:302] info: Store: QUIT_APP
[07/24/18, 14:56:20:309] info: Store: QUIT_APP
[07/24/18, 14:56:20:310] info: Store: REMOVE_WINDOW 3
[07/24/18, 14:56:20:311] info: Store: REMOVE_WINDOW 3
[07/24/18, 14:56:20:314] info: Store: REMOVE_WINDOW 2
[07/24/18, 14:56:20:327] info: Store: QUIT_APP
