
fsck_hfs started at Mon Jul 23 09:29:51 2018
** /dev/rdisk3s1 (NO WRITE)
   Executing fsck_hfs (version hfs-407.50.6).
** Checking non-journaled HFS Plus Volume.
   The volume name is Slack.app
** Checking extents overflow file.
** Checking catalog file.
** Checking multi-linked files.
** Checking catalog hierarchy.
** Checking extended attributes file.
** Checking volume bitmap.
** Checking volume information.
** The volume Slack.app appears to be OK.
fsck_hfs completed at Mon Jul 23 09:29:51 2018


fsck_hfs started at Mon Jul 23 11:29:36 2018
** /dev/rdisk3s1 (NO WRITE)
   Executing fsck_hfs (version hfs-407.50.6).
** Checking non-journaled HFS Plus Volume.
   The volume name is Telegram
** Checking extents overflow file.
** Checking catalog file.
** Checking multi-linked files.
** Checking catalog hierarchy.
** Checking extended attributes file.
** Checking volume bitmap.
** Checking volume information.
** The volume Telegram appears to be OK.
fsck_hfs completed at Mon Jul 23 11:29:36 2018


fsck_hfs started at Mon Jul 23 13:31:56 2018
** /dev/rdisk3s1 (NO WRITE)
   Executing fsck_hfs (version hfs-407.50.6).
** Checking Journaled HFS Plus volume.
   The volume name is Sublime Text
** Checking extents overflow file.
** Checking catalog file.
** Checking multi-linked files.
** Checking catalog hierarchy.
** Checking extended attributes file.
** Checking volume bitmap.
** Checking volume information.
** The volume Sublime Text appears to be OK.
fsck_hfs completed at Mon Jul 23 13:31:56 2018


fsck_hfs started at Mon Jul 23 14:29:40 2018
** /dev/rdisk4s1 (NO WRITE)
   Executing fsck_hfs (version hfs-407.50.6).
** Checking Journaled HFS Plus volume.
   The volume name is Skype
** Checking extents overflow file.
** Checking catalog file.
** Checking multi-linked files.
** Checking catalog hierarchy.
** Checking extended attributes file.
** Checking volume bitmap.
** Checking volume information.
** The volume Skype appears to be OK.
fsck_hfs completed at Mon Jul 23 14:29:40 2018


fsck_hfs started at Mon Jul 23 15:10:08 2018
** /dev/rdisk3s2 (NO WRITE)
   Executing fsck_hfs (version hfs-407.50.6).
** Checking non-journaled HFS Plus Volume.
   The volume name is Google Chrome
** Checking extents overflow file.
** Checking catalog file.
** Checking multi-linked files.
** Checking catalog hierarchy.
** Checking volume bitmap.
** Checking volume information.
** The volume Google Chrome appears to be OK.
fsck_hfs completed at Mon Jul 23 15:10:08 2018


fsck_hfs started at Tue Jul 24 13:32:58 2018
** /dev/rdisk5s2 (NO WRITE)
   Executing fsck_hfs (version hfs-407.50.6).
** Checking non-journaled HFS Plus Volume.
   The volume name is OpenOffice
** Checking extents overflow file.
** Checking catalog file.
** Checking multi-linked files.
** Checking catalog hierarchy.
** Checking volume bitmap.
** Checking volume information.
** The volume OpenOffice appears to be OK.
fsck_hfs completed at Tue Jul 24 13:32:58 2018


fsck_hfs started at Thu Jul 26 15:38:36 2018
** /dev/rdisk3s1 (NO WRITE)
   Executing fsck_hfs (version hfs-407.50.6).
** Checking non-journaled HFS Plus Volume.
   The volume name is uTorrent
** Checking extents overflow file.
** Checking catalog file.
** Checking multi-linked files.
** Checking catalog hierarchy.
** Checking extended attributes file.
** Checking volume bitmap.
** Checking volume information.
** The volume uTorrent appears to be OK.
fsck_hfs completed at Thu Jul 26 15:38:36 2018


fsck_hfs started at Thu Jul 26 16:23:29 2018
** /dev/rdisk3s3 (NO WRITE)
   Executing fsck_hfs (version hfs-407.50.6).
** Checking non-journaled HFS Plus Volume.
   The volume name is Firefox
** Checking extents overflow file.
** Checking catalog file.
** Checking multi-linked files.
** Checking catalog hierarchy.
** Checking extended attributes file.
** Checking volume bitmap.
** Checking volume information.
** The volume Firefox appears to be OK.
fsck_hfs completed at Thu Jul 26 16:23:29 2018


fsck_hfs started at Mon Jul 30 16:36:36 2018
** /dev/rdisk6s2 (NO WRITE)
   Executing fsck_hfs (version hfs-407.50.6).
** Checking non-journaled HFS Plus Volume.
   The volume name is OpenOffice
** Checking extents overflow file.
** Checking catalog file.
** Checking multi-linked files.
** Checking catalog hierarchy.
** Checking volume bitmap.
** Checking volume information.
** The volume OpenOffice appears to be OK.
fsck_hfs completed at Mon Jul 30 16:36:36 2018

